[2014-04-17 00:56:54] START
[2014-04-17 01:16:42] EDIT home/controllers/default.py: 3
[2014-04-17 01:18:36] EDIT home/controllers/default.py: 0
[2014-04-17 01:21:34] EDIT home/controllers/default.py: 0
[2014-04-17 01:23:11] EDIT home/controllers/default.py: 0
[2014-04-17 01:25:43] EDIT home/controllers/default.py: 0
[2014-04-17 01:34:42] EDIT home/controllers/default.py: 6
[2014-04-17 01:35:59] EDIT home/controllers/default.py: 1
[2014-04-17 01:39:04] EDIT home/controllers/default.py: -12
[2014-04-17 01:50:27] CREATE automate.py: 0
[2014-04-17 01:52:14] EDIT home/controllers/automate.py: 28
[2014-04-17 01:53:34] EDIT home/controllers/automate.py: 2
[2014-04-17 01:54:00] EDIT home/controllers/default.py: -44
[2014-04-23 00:57:46] EDIT home/views/default/index.html: 6
[2014-04-23 00:59:43] EDIT home/controllers/automate.py: 11
[2014-04-23 01:04:23] EDIT home/controllers/automate.py: 0
[2014-04-25 01:25:33] EDIT home/controllers/automate.py: 17
[2014-04-25 01:52:56] EDIT home/controllers/automate.py: 12
[2014-04-25 01:57:41] EDIT home/controllers/automate.py: -1
[2014-04-25 02:00:10] EDIT home/controllers/automate.py: 0
[2014-04-25 02:00:48] EDIT home/controllers/automate.py: 0
[2014-04-25 02:02:02] EDIT home/views/default/index.html: 3
[2014-04-26 01:22:59] EDIT home/controllers/automate.py: 5
[2014-04-26 01:23:59] EDIT home/controllers/automate.py: -3
[2014-04-26 01:26:38] EDIT home/controllers/automate.py: 0
[2014-04-26 01:26:47] EDIT home/controllers/automate.py: 0
[2014-04-26 01:29:53] EDIT home/controllers/automate.py: 3
[2014-04-26 01:34:51] EDIT home/controllers/automate.py: -3
[2014-04-26 01:35:08] EDIT home/controllers/automate.py: 0
[2014-04-26 01:36:36] EDIT home/controllers/automate.py: 1
[2014-04-26 01:42:12] EDIT home/controllers/automate.py: 0
[2014-04-27 01:35:08] EDIT home/views/default/index.html: 5
[2014-04-29 02:15:25] EDIT home/controllers/automate.py: 4
[2014-04-29 02:17:17] EDIT home/controllers/automate.py: 0
[2014-04-29 02:28:05] EDIT home/controllers/automate.py: 3
[2014-04-29 02:33:45] EDIT home/controllers/automate.py: 0
[2014-04-29 02:33:56] EDIT home/controllers/automate.py: 0
[2014-04-29 02:37:47] EDIT home/controllers/automate.py: 0
[2014-04-30 01:07:04] EDIT home/controllers/automate.py: 4
[2014-04-30 01:08:22] CREATE default/devices.html: 0
